2022-10-27 15:17:10.755  INFO 19996 --- [restartedMain] com.barclays.springboot.App              : Starting App using Java 17.0.3 on VAMUX with PID 19996 (D:\VamanPro\Codes\STS_WS\STS_Barclays\com-barclays-springboot\target\classes started by DELL in D:\VamanPro\Codes\STS_WS\STS_Barclays\com-barclays-springboot)
2022-10-27 15:17:10.755  INFO 19996 --- [restartedMain] com.barclays.springboot.App              : No active profile set, falling back to 1 default profile: "default"
2022-10-27 15:17:10.831  INFO 19996 --- [restartedMain] .s.d.r.c.RepositoryConfigurationDelegate : Bootstrapping Spring Data JPA repositories in DEFAULT mode.
2022-10-27 15:17:10.834  INFO 19996 --- [restartedMain] .s.d.r.c.RepositoryConfigurationDelegate : Finished Spring Data repository scanning in 3 ms. Found 1 JPA repository interfaces.
2022-10-27 15:17:10.875  INFO 19996 --- [restartedMain] o.s.b.w.embedded.tomcat.TomcatWebServer  : Tomcat initialized with port(s): 8082 (http)
2022-10-27 15:17:10.876  INFO 19996 --- [restartedMain] o.apache.catalina.core.StandardService   : Starting service [Tomcat]
2022-10-27 15:17:10.876  INFO 19996 --- [restartedMain] org.apache.catalina.core.StandardEngine  : Starting Servlet engine: [Apache Tomcat/9.0.68]
2022-10-27 15:17:10.888  INFO 19996 --- [restartedMain] o.a.c.c.C.[Tomcat].[localhost].[/]       : Initializing Spring embedded WebApplicationContext
2022-10-27 15:17:10.888  INFO 19996 --- [restartedMain] w.s.c.ServletWebServerApplicationContext : Root WebApplicationContext: initialization completed in 132 ms
2022-10-27 15:17:10.902  INFO 19996 --- [restartedMain] o.hibernate.jpa.internal.util.LogHelper  : HHH000204: Processing PersistenceUnitInfo [name: default]
2022-10-27 15:17:10.904  INFO 19996 --- [restartedMain] com.zaxxer.hikari.HikariDataSource       : HikariPool-5 - Starting...
2022-10-27 15:17:10.912  INFO 19996 --- [restartedMain] com.zaxxer.hikari.HikariDataSource       : HikariPool-5 - Start completed.
2022-10-27 15:17:10.912  INFO 19996 --- [restartedMain] org.hibernate.dialect.Dialect            : HHH000400: Using dialect: org.hibernate.dialect.MySQL8Dialect
2022-10-27 15:17:10.928  INFO 19996 --- [restartedMain] o.h.e.t.j.p.i.JtaPlatformInitiator       : HHH000490: Using JtaPlatform implementation: [org.hibernate.engine.transaction.jta.platform.internal.NoJtaPlatform]
2022-10-27 15:17:10.928  INFO 19996 --- [restartedMain] j.LocalContainerEntityManagerFactoryBean : Initialized JPA EntityManagerFactory for persistence unit 'default'
2022-10-27 15:17:10.965  WARN 19996 --- [restartedMain] JpaBaseConfiguration$JpaWebConfiguration : spring.jpa.open-in-view is enabled by default. Therefore, database queries may be performed during view rendering. Explicitly configure spring.jpa.open-in-view to disable this warning
2022-10-27 15:17:11.246  INFO 19996 --- [restartedMain] o.s.b.d.a.OptionalLiveReloadServer       : LiveReload server is running on port 35729
2022-10-27 15:17:11.254  INFO 19996 --- [restartedMain] o.s.b.w.embedded.tomcat.TomcatWebServer  : Tomcat started on port(s): 8082 (http) with context path ''
2022-10-27 15:17:11.256  INFO 19996 --- [restartedMain] com.barclays.springboot.App              : Started App in 0.528 seconds (JVM running for 905.667)
2022-10-27 15:17:11.258  INFO 19996 --- [restartedMain] .ConditionEvaluationDeltaLoggingListener : Condition evaluation unchanged
2022-10-27 15:17:11.258  INFO 19996 --- [restartedMain] com.barclays.springboot.App              : Started
2022-10-27 15:17:20.953  INFO 19996 --- [http-nio-8082-exec-1] o.a.c.c.C.[Tomcat].[localhost].[/]       : Initializing Spring DispatcherServlet 'dispatcherServlet'
2022-10-27 15:17:20.954  INFO 19996 --- [http-nio-8082-exec-1] o.s.web.servlet.DispatcherServlet        : Initializing Servlet 'dispatcherServlet'
2022-10-27 15:17:20.955  INFO 19996 --- [http-nio-8082-exec-1] o.s.web.servlet.DispatcherServlet        : Completed initialization in 1 ms
2022-10-27 15:17:34.052  INFO 19996 --- [http-nio-8082-exec-3] o.springdoc.api.AbstractOpenApiResource  : Init duration for springdoc-openapi is: 285 ms
2022-10-27 15:17:53.789  INFO 19996 --- [http-nio-8082-exec-4] c.b.springboot.service.EmployeeService   : addEmployee Employee [employeeId=0, firstName=Sonu, salary=92500.0]
2022-10-27 15:18:14.530  INFO 19996 --- [File Watcher] rtingClassPathChangeChangedEventListener : Restarting due to 1 class path change (0 additions, 0 deletions, 1 modification)
2022-10-27 15:18:14.542  INFO 19996 --- [Thread-19] o.apache.catalina.core.StandardService   : Stopping service [Tomcat]
2022-10-27 15:18:14.543  INFO 19996 --- [Thread-19] o.a.c.c.C.[Tomcat].[localhost].[/]       : Destroying Spring FrameworkServlet 'dispatcherServlet'
2022-10-27 15:18:14.547  INFO 19996 --- [Thread-19] j.LocalContainerEntityManagerFactoryBean : Closing JPA EntityManagerFactory for persistence unit 'default'
2022-10-27 15:18:14.547  INFO 19996 --- [Thread-19] com.zaxxer.hikari.HikariDataSource       : HikariPool-5 - Shutdown initiated...
2022-10-27 15:18:14.555  INFO 19996 --- [Thread-19] com.zaxxer.hikari.HikariDataSource       : HikariPool-5 - Shutdown completed.
2022-10-27 15:18:14.595  INFO 19996 --- [restartedMain] com.barclays.springboot.App              : Starting..
